0 info it worked if it ends with ok
1 verbose cli [ '/Users/giblets/.nvm/versions/node/v6.9.4/bin/node',
1 verbose cli   '/Users/giblets/.nvm/versions/node/v6.9.4/bin/npm',
1 verbose cli   'install',
1 verbose cli   'ng-cordova-mocks',
1 verbose cli   '--save-dev' ]
2 info using npm@3.10.10
3 info using node@v6.9.4
4 silly loadCurrentTree Starting
5 silly install loadCurrentTree
6 silly install readLocalPackageData
7 silly fetchPackageMetaData ng-cordova-mocks
8 silly fetchNamedPackageData ng-cordova-mocks
9 silly mapToRegistry name ng-cordova-mocks
10 silly mapToRegistry using default registry
11 silly mapToRegistry registry https://registry.npmjs.org/
12 silly mapToRegistry data Result {
12 silly mapToRegistry   raw: 'ng-cordova-mocks',
12 silly mapToRegistry   scope: null,
12 silly mapToRegistry   escapedName: 'ng-cordova-mocks',
12 silly mapToRegistry   name: 'ng-cordova-mocks',
12 silly mapToRegistry   rawSpec: '',
12 silly mapToRegistry   spec: 'latest',
12 silly mapToRegistry   type: 'tag' }
13 silly mapToRegistry uri https://registry.npmjs.org/ng-cordova-mocks
14 verbose request uri https://registry.npmjs.org/ng-cordova-mocks
15 verbose request no auth needed
16 info attempt registry request try #1 at 6:56:35 PM
17 verbose request id c116482a385960a0
18 http request GET https://registry.npmjs.org/ng-cordova-mocks
19 http 404 https://registry.npmjs.org/ng-cordova-mocks
20 verbose headers { 'content-type': 'application/json',
20 verbose headers   'cache-control': 'max-age=0',
20 verbose headers   'content-length': '2',
20 verbose headers   'accept-ranges': 'bytes',
20 verbose headers   date: 'Thu, 16 Feb 2017 18:56:36 GMT',
20 verbose headers   via: '1.1 varnish',
20 verbose headers   age: '0',
20 verbose headers   connection: 'keep-alive',
20 verbose headers   'x-served-by': 'cache-lcy1150-LCY',
20 verbose headers   'x-cache': 'MISS',
20 verbose headers   'x-cache-hits': '0',
20 verbose headers   'x-timer': 'S1487271396.029670,VS0,VE708',
20 verbose headers   vary: 'Accept-Encoding' }
21 silly get cb [ 404,
21 silly get   { 'content-type': 'application/json',
21 silly get     'cache-control': 'max-age=0',
21 silly get     'content-length': '2',
21 silly get     'accept-ranges': 'bytes',
21 silly get     date: 'Thu, 16 Feb 2017 18:56:36 GMT',
21 silly get     via: '1.1 varnish',
21 silly get     age: '0',
21 silly get     connection: 'keep-alive',
21 silly get     'x-served-by': 'cache-lcy1150-LCY',
21 silly get     'x-cache': 'MISS',
21 silly get     'x-cache-hits': '0',
21 silly get     'x-timer': 'S1487271396.029670,VS0,VE708',
21 silly get     vary: 'Accept-Encoding' } ]
22 silly fetchPackageMetaData Error: Registry returned 404 for GET on https://registry.npmjs.org/ng-cordova-mocks
22 silly fetchPackageMetaData     at makeError (/Users/giblets/.nvm/versions/node/v6.9.4/lib/node_modules/npm/node_modules/npm-registry-client/lib/request.js:302:12)
22 silly fetchPackageMetaData     at CachingRegistryClient.<anonymous> (/Users/giblets/.nvm/versions/node/v6.9.4/lib/node_modules/npm/node_modules/npm-registry-client/lib/request.js:280:14)
22 silly fetchPackageMetaData     at Request._callback (/Users/giblets/.nvm/versions/node/v6.9.4/lib/node_modules/npm/node_modules/npm-registry-client/lib/request.js:210:14)
22 silly fetchPackageMetaData     at Request.self.callback (/Users/giblets/.nvm/versions/node/v6.9.4/lib/node_modules/npm/node_modules/request/request.js:187:22)
22 silly fetchPackageMetaData     at emitTwo (events.js:106:13)
22 silly fetchPackageMetaData     at Request.emit (events.js:191:7)
22 silly fetchPackageMetaData     at Request.<anonymous> (/Users/giblets/.nvm/versions/node/v6.9.4/lib/node_modules/npm/node_modules/request/request.js:1048:10)
22 silly fetchPackageMetaData     at emitOne (events.js:96:13)
22 silly fetchPackageMetaData     at Request.emit (events.js:188:7)
22 silly fetchPackageMetaData     at IncomingMessage.<anonymous> (/Users/giblets/.nvm/versions/node/v6.9.4/lib/node_modules/npm/node_modules/request/request.js:969:12)
22 silly fetchPackageMetaData  error for ng-cordova-mocks { Error: Registry returned 404 for GET on https://registry.npmjs.org/ng-cordova-mocks
22 silly fetchPackageMetaData     at makeError (/Users/giblets/.nvm/versions/node/v6.9.4/lib/node_modules/npm/node_modules/npm-registry-client/lib/request.js:302:12)
22 silly fetchPackageMetaData     at CachingRegistryClient.<anonymous> (/Users/giblets/.nvm/versions/node/v6.9.4/lib/node_modules/npm/node_modules/npm-registry-client/lib/request.js:280:14)
22 silly fetchPackageMetaData     at Request._callback (/Users/giblets/.nvm/versions/node/v6.9.4/lib/node_modules/npm/node_modules/npm-registry-client/lib/request.js:210:14)
22 silly fetchPackageMetaData     at Request.self.callback (/Users/giblets/.nvm/versions/node/v6.9.4/lib/node_modules/npm/node_modules/request/request.js:187:22)
22 silly fetchPackageMetaData     at emitTwo (events.js:106:13)
22 silly fetchPackageMetaData     at Request.emit (events.js:191:7)
22 silly fetchPackageMetaData     at Request.<anonymous> (/Users/giblets/.nvm/versions/node/v6.9.4/lib/node_modules/npm/node_modules/request/request.js:1048:10)
22 silly fetchPackageMetaData     at emitOne (events.js:96:13)
22 silly fetchPackageMetaData     at Request.emit (events.js:188:7)
22 silly fetchPackageMetaData     at IncomingMessage.<anonymous> (/Users/giblets/.nvm/versions/node/v6.9.4/lib/node_modules/npm/node_modules/request/request.js:969:12) pkgid: 'ng-cordova-mocks', statusCode: 404, code: 'E404' }
23 silly rollbackFailedOptional Starting
24 silly rollbackFailedOptional Finishing
25 silly runTopLevelLifecycles Finishing
26 silly install printInstalled
27 verbose stack Error: Registry returned 404 for GET on https://registry.npmjs.org/ng-cordova-mocks
27 verbose stack     at makeError (/Users/giblets/.nvm/versions/node/v6.9.4/lib/node_modules/npm/node_modules/npm-registry-client/lib/request.js:302:12)
27 verbose stack     at CachingRegistryClient.<anonymous> (/Users/giblets/.nvm/versions/node/v6.9.4/lib/node_modules/npm/node_modules/npm-registry-client/lib/request.js:280:14)
27 verbose stack     at Request._callback (/Users/giblets/.nvm/versions/node/v6.9.4/lib/node_modules/npm/node_modules/npm-registry-client/lib/request.js:210:14)
27 verbose stack     at Request.self.callback (/Users/giblets/.nvm/versions/node/v6.9.4/lib/node_modules/npm/node_modules/request/request.js:187:22)
27 verbose stack     at emitTwo (events.js:106:13)
27 verbose stack     at Request.emit (events.js:191:7)
27 verbose stack     at Request.<anonymous> (/Users/giblets/.nvm/versions/node/v6.9.4/lib/node_modules/npm/node_modules/request/request.js:1048:10)
27 verbose stack     at emitOne (events.js:96:13)
27 verbose stack     at Request.emit (events.js:188:7)
27 verbose stack     at IncomingMessage.<anonymous> (/Users/giblets/.nvm/versions/node/v6.9.4/lib/node_modules/npm/node_modules/request/request.js:969:12)
28 verbose statusCode 404
29 verbose pkgid ng-cordova-mocks
30 verbose cwd /Users/giblets/code/myprojects/money/app
31 error Darwin 16.4.0
32 error argv "/Users/giblets/.nvm/versions/node/v6.9.4/bin/node" "/Users/giblets/.nvm/versions/node/v6.9.4/bin/npm" "install" "ng-cordova-mocks" "--save-dev"
33 error node v6.9.4
34 error npm  v3.10.10
35 error code E404
36 error 404 Registry returned 404 for GET on https://registry.npmjs.org/ng-cordova-mocks
37 error 404
38 error 404 'ng-cordova-mocks' is not in the npm registry.
39 error 404 You should bug the author to publish it (or use the name yourself!)
40 error 404 Note that you can also install from a
41 error 404 tarball, folder, http url, or git url.
42 verbose exit [ 1, true ]
